# JRE version: Java(TM) SE Runtime Environment (8.0_201-b09) (build 1.8.0_201-b09)
# Java VM: Java HotSpot(TM) 64-Bit Server VM (25.201-b09 mixed mode windows-amd64 compressed oops)
Heap:
 PSYoungGen      total 158720K, used 17870K [0x00000000e0980000, 0x00000000efa80000, 0x0000000100000000)
  eden space 147456K, 12% used [0x00000000e0980000,0x00000000e1af3ad8,0x00000000e9980000)
  from space 11264K, 0% used [0x00000000e9980000,0x00000000e9980000,0x00000000ea480000)
  to   space 11264K, 0% used [0x00000000eef80000,0x00000000eef80000,0x00000000efa80000)
 ParOldGen       total 56320K, used 14218K [0x00000000a1c00000, 0x00000000a5300000, 0x00000000e0980000)
  object space 56320K, 25% used [0x00000000a1c00000,0x00000000a29e2b40,0x00000000a5300000)
 Metaspace       used 32976K, capacity 35927K, committed 36224K, reserved 1081344K
  class space    used 4434K, capacity 4936K, committed 4992K, reserved 1048576K
GC Heap History (10 events):
Event: 5.818 GC heap before
{Heap before GC invocations=7 (full 1):
 PSYoungGen      total 53248K, used 49152K [0x00000000e0980000, 0x00000000e7980000, 0x0000000100000000)
  eden space 49152K, 100% used [0x00000000e0980000,0x00000000e3980000,0x00000000e3980000)
  from space 4096K, 0% used [0x00000000e3980000,0x00000000e3980000,0x00000000e3d80000)
  to   space 8192K, 0% used [0x00000000e7180000,0x00000000e7180000,0x00000000e7980000)
 ParOldGen       total 43008K, used 7432K [0x00000000a1c00000, 0x00000000a4600000, 0x00000000e0980000)
  object space 43008K, 17% used [0x00000000a1c00000,0x00000000a2342220,0x00000000a4600000)
 Metaspace       used 23854K, capacity 25640K, committed 25856K, reserved 1071104K
  class space    used 3141K, capacity 3492K, committed 3584K, reserved 1048576K
Event: 5.834 GC heap after
Heap after GC invocations=7 (full 1):
 PSYoungGen      total 92672K, used 5730K [0x00000000e0980000, 0x00000000e7780000, 0x0000000100000000)
  eden space 86528K, 0% used [0x00000000e0980000,0x00000000e0980000,0x00000000e5e00000)
  from space 6144K, 93% used [0x00000000e7180000,0x00000000e7718898,0x00000000e7780000)
  to   space 7680K, 0% used [0x00000000e6880000,0x00000000e6880000,0x00000000e7000000)
 ParOldGen       total 43008K, used 7432K [0x00000000a1c00000, 0x00000000a4600000, 0x00000000e0980000)
  object space 43008K, 17% used [0x00000000a1c00000,0x00000000a2342220,0x00000000a4600000)
 Metaspace       used 23854K, capacity 25640K, committed 25856K, reserved 1071104K
  class space    used 3141K, capacity 3492K, committed 3584K, reserved 1048576K
}
Event: 8.272 GC heap before
{Heap before GC invocations=8 (full 1):
 PSYoungGen      total 92672K, used 92258K [0x00000000e0980000, 0x00000000e7780000, 0x0000000100000000)
  eden space 86528K, 100% used [0x00000000e0980000,0x00000000e5e00000,0x00000000e5e00000)
  from space 6144K, 93% used [0x00000000e7180000,0x00000000e7718898,0x00000000e7780000)
  to   space 7680K, 0% used [0x00000000e6880000,0x00000000e6880000,0x00000000e7000000)
 ParOldGen       total 43008K, used 7432K [0x00000000a1c00000, 0x00000000a4600000, 0x00000000e0980000)
  object space 43008K, 17% used [0x00000000a1c00000,0x00000000a2342220,0x00000000a4600000)
 Metaspace       used 28178K, capacity 30276K, committed 30592K, reserved 1075200K
  class space    used 3735K, capacity 4138K, committed 4224K, reserved 1048576K
Event: 8.290 GC heap after
Heap after GC invocations=8 (full 1):
 PSYoungGen      total 104960K, used 7678K [0x00000000e0980000, 0x00000000ead80000, 0x0000000100000000)
  eden space 97280K, 0% used [0x00000000e0980000,0x00000000e0980000,0x00000000e6880000)
  from space 7680K, 99% used [0x00000000e6880000,0x00000000e6fffb40,0x00000000e7000000)
  to   space 9216K, 0% used [0x00000000ea480000,0x00000000ea480000,0x00000000ead80000)
 ParOldGen       total 43008K, used 8350K [0x00000000a1c00000, 0x00000000a4600000, 0x00000000e0980000)
  object space 43008K, 19% used [0x00000000a1c00000,0x00000000a2427ad0,0x00000000a4600000)
 Metaspace       used 28178K, capacity 30276K, committed 30592K, reserved 1075200K
  class space    used 3735K, capacity 4138K, committed 4224K, reserved 1048576K
}
Event: 10.414 GC heap before
{Heap before GC invocations=9 (full 1):
 PSYoungGen      total 104960K, used 104958K [0x00000000e0980000, 0x00000000ead80000, 0x0000000100000000)
  eden space 97280K, 100% used [0x00000000e0980000,0x00000000e6880000,0x00000000e6880000)
  from space 7680K, 99% used [0x00000000e6880000,0x00000000e6fffb40,0x00000000e7000000)
  to   space 9216K, 0% used [0x00000000ea480000,0x00000000ea480000,0x00000000ead80000)
 ParOldGen       total 43008K, used 8350K [0x00000000a1c00000, 0x00000000a4600000, 0x00000000e0980000)
  object space 43008K, 19% used [0x00000000a1c00000,0x00000000a2427ad0,0x00000000a4600000)
 Metaspace       used 32119K, capacity 34916K, committed 35072K, reserved 1079296K
  class space    used 4313K, capacity 4818K, committed 4864K, reserved 1048576K
Event: 10.435 GC heap after
Heap after GC invocations=9 (full 1):
 PSYoungGen      total 156672K, used 9210K [0x00000000e0980000, 0x00000000ec180000, 0x0000000100000000)
  eden space 147456K, 0% used [0x00000000e0980000,0x00000000e0980000,0x00000000e9980000)
  from space 9216K, 99% used [0x00000000ea480000,0x00000000ead7ebb8,0x00000000ead80000)
  to   space 11264K, 0% used [0x00000000e9980000,0x00000000e9980000,0x00000000ea480000)
 ParOldGen       total 43008K, used 10512K [0x00000000a1c00000, 0x00000000a4600000, 0x00000000e0980000)
  object space 43008K, 24% used [0x00000000a1c00000,0x00000000a2644370,0x00000000a4600000)
 Metaspace       used 32119K, capacity 34916K, committed 35072K, reserved 1079296K
  class space    used 4313K, capacity 4818K, committed 4864K, reserved 1048576K
}
Event: 10.566 GC heap before
{Heap before GC invocations=10 (full 1):
 PSYoungGen      total 156672K, used 16911K [0x00000000e0980000, 0x00000000ec180000, 0x0000000100000000)
  eden space 147456K, 5% used [0x00000000e0980000,0x00000000e1105218,0x00000000e9980000)
  from space 9216K, 99% used [0x00000000ea480000,0x00000000ead7ebb8,0x00000000ead80000)
  to   space 11264K, 0% used [0x00000000e9980000,0x00000000e9980000,0x00000000ea480000)
 ParOldGen       total 43008K, used 10512K [0x00000000a1c00000, 0x00000000a4600000, 0x00000000e0980000)
  object space 43008K, 24% used [0x00000000a1c00000,0x00000000a2644370,0x00000000a4600000)
 Metaspace       used 32633K, capacity 35449K, committed 35496K, reserved 1079296K
  class space    used 4387K, capacity 4864K, committed 4864K, reserved 1048576K
Event: 10.582 GC heap after
Heap after GC invocations=10 (full 1):
 PSYoungGen      total 158720K, used 8660K [0x00000000e0980000, 0x00000000efa80000, 0x0000000100000000)
  eden space 147456K, 0% used [0x00000000e0980000,0x00000000e0980000,0x00000000e9980000)
  from space 11264K, 76% used [0x00000000e9980000,0x00000000ea1f5030,0x00000000ea480000)
  to   space 11264K, 0% used [0x00000000eef80000,0x00000000eef80000,0x00000000efa80000)
 ParOldGen       total 43008K, used 11413K [0x00000000a1c00000, 0x00000000a4600000, 0x00000000e0980000)
  object space 43008K, 26% used [0x00000000a1c00000,0x00000000a27257e0,0x00000000a4600000)
 Metaspace       used 32633K, capacity 35449K, committed 35496K, reserved 1079296K
  class space    used 4387K, capacity 4864K, committed 4864K, reserved 1048576K
}
Event: 10.582 GC heap before
{Heap before GC invocations=11 (full 2):
 PSYoungGen      total 158720K, used 8660K [0x00000000e0980000, 0x00000000efa80000, 0x0000000100000000)
  eden space 147456K, 0% used [0x00000000e0980000,0x00000000e0980000,0x00000000e9980000)
  from space 11264K, 76% used [0x00000000e9980000,0x00000000ea1f5030,0x00000000ea480000)
  to   space 11264K, 0% used [0x00000000eef80000,0x00000000eef80000,0x00000000efa80000)
 ParOldGen       total 43008K, used 11413K [0x00000000a1c00000, 0x00000000a4600000, 0x00000000e0980000)
  object space 43008K, 26% used [0x00000000a1c00000,0x00000000a27257e0,0x00000000a4600000)
 Metaspace       used 32633K, capacity 35449K, committed 35496K, reserved 1079296K
  class space    used 4387K, capacity 4864K, committed 4864K, reserved 1048576K
Event: 10.651 GC heap after
Heap after GC invocations=11 (full 2):
 PSYoungGen      total 158720K, used 0K [0x00000000e0980000, 0x00000000efa80000, 0x0000000100000000)
  eden space 147456K, 0% used [0x00000000e0980000,0x00000000e0980000,0x00000000e9980000)
  from space 11264K, 0% used [0x00000000e9980000,0x00000000e9980000,0x00000000ea480000)
  to   space 11264K, 0% used [0x00000000eef80000,0x00000000eef80000,0x00000000efa80000)
 ParOldGen       total 56320K, used 14218K [0x00000000a1c00000, 0x00000000a5300000, 0x00000000e0980000)
  object space 56320K, 25% used [0x00000000a1c00000,0x00000000a29e2b40,0x00000000a5300000)
 Metaspace       used 32633K, capacity 35449K, committed 35496K, reserved 1079296K
  class space    used 4387K, capacity 4864K, committed 4864K, reserved 1048576K
}

