# JRE version: OpenJDK Runtime Environment JBR-17.0.8.1+7-1000.32-jcef (17.0.8.1+7) (build 17.0.8.1+7-b1000.32)
# Java VM: OpenJDK 64-Bit Server VM JBR-17.0.8.1+7-1000.32-jcef (17.0.8.1+7-b1000.32, mixed mode, tiered, compressed oops, compressed class ptrs, g1 gc, windows-amd64)
GC Precious Log:
 CPUs: 8 total, 8 available
 Memory: 6030M
 Large Page Support: Disabled
 NUMA Support: Disabled
 Compressed Oops: Enabled (32-bit)
 Heap Region Size: 1M
 Heap Min Capacity: 128M
 Heap Initial Capacity: 128M
 Heap Max Capacity: 1G
 Pre-touch: Disabled
 Parallel Workers: 8
 Concurrent Workers: 2
 Concurrent Refinement Workers: 8
 Periodic GC: Disabled
Heap:
 garbage-first heap   total 131072K, used 11036K [0x00000000c0000000, 0x0000000100000000)
  region size 1024K, 3 young (3072K), 0 survivors (0K)
 Metaspace       used 19674K, committed 20352K, reserved 1114112K
  class space    used 1896K, committed 2112K, reserved 1048576K
GC Heap History (6 events):
Event: 3.874 GC heap before
{Heap before GC invocations=0 (full 0):
 garbage-first heap   total 131072K, used 26624K [0x00000000c0000000, 0x0000000100000000)
  region size 1024K, 23 young (23552K), 0 survivors (0K)
 Metaspace       used 18149K, committed 18368K, reserved 1114112K
  class space    used 1816K, committed 1920K, reserved 1048576K
}
Event: 3.887 GC heap after
{Heap after GC invocations=1 (full 0):
 garbage-first heap   total 131072K, used 9644K [0x00000000c0000000, 0x0000000100000000)
  region size 1024K, 3 young (3072K), 3 survivors (3072K)
 Metaspace       used 18149K, committed 18368K, reserved 1114112K
  class space    used 1816K, committed 1920K, reserved 1048576K
}
Event: 2512.017 GC heap before
{Heap before GC invocations=1 (full 0):
 garbage-first heap   total 131072K, used 32172K [0x00000000c0000000, 0x0000000100000000)
  region size 1024K, 25 young (25600K), 3 survivors (3072K)
 Metaspace       used 19953K, committed 20288K, reserved 1114112K
  class space    used 1957K, committed 2112K, reserved 1048576K
}
Event: 2512.107 GC heap after
{Heap after GC invocations=2 (full 0):
 garbage-first heap   total 131072K, used 10342K [0x00000000c0000000, 0x0000000100000000)
  region size 1024K, 1 young (1024K), 1 survivors (1024K)
 Metaspace       used 19953K, committed 20288K, reserved 1114112K
  class space    used 1957K, committed 2112K, reserved 1048576K
}
Event: 3600.086 GC heap before
{Heap before GC invocations=2 (full 0):
 garbage-first heap   total 131072K, used 13414K [0x00000000c0000000, 0x0000000100000000)
  region size 1024K, 5 young (5120K), 1 survivors (1024K)
 Metaspace       used 19962K, committed 20352K, reserved 1114112K
  class space    used 1957K, committed 2112K, reserved 1048576K
}
Event: 3601.069 GC heap after
{Heap after GC invocations=3 (full 1):
 garbage-first heap   total 131072K, used 8988K [0x00000000c0000000, 0x0000000100000000)
  region size 1024K, 0 young (0K), 0 survivors (0K)
 Metaspace       used 19672K, committed 20352K, reserved 1114112K
  class space    used 1896K, committed 2112K, reserved 1048576K
}

